2014-11-11 16:03:54,763 - [INFO] - from play in run-main-0 
database [default] connected at jdbc:h2:mem:play

2014-11-11 16:03:59,033 - [INFO] - from play in run-main-0 
Application started (Prod)

2014-11-11 16:04:00,128 - [INFO] - from play in run-main-0 
Listening for HTTP on /0:0:0:0:0:0:0:0:9000

2014-11-11 16:07:37,048 - [ERROR] - from play in play-akka.actor.default-dispatcher-5 
Cannot invoke the action, eventually got an error: javax.persistence.PersistenceException: Error getting sequence nextval

2014-11-11 16:07:37,102 - [ERROR] - from application in play-akka.actor.default-dispatcher-5 


! @6k6manafe - Internal server error, for (POST) [/person] ->

play.api.Application$$anon$1: Execution exception[[PersistenceException: Error getting sequence nextval]]
	at play.api.Application$class.handleError(Application.scala:296) ~[na:na]
	at play.api.DefaultApplication.handleError(Application.scala:402) [na:na]
	at play.core.server.netty.PlayDefaultUpstreamHandler$$anonfun$3$$anonfun$applyOrElse$4.apply(PlayDefaultUpstreamHandler.scala:320) [na:na]
	at play.core.server.netty.PlayDefaultUpstreamHandler$$anonfun$3$$anonfun$applyOrElse$4.apply(PlayDefaultUpstreamHandler.scala:320) [na:na]
	at scala.Option.map(Option.scala:145) [na:na]
	at play.core.server.netty.PlayDefaultUpstreamHandler$$anonfun$3.applyOrElse(PlayDefaultUpstreamHandler.scala:320) [na:na]
	at play.core.server.netty.PlayDefaultUpstreamHandler$$anonfun$3.applyOrElse(PlayDefaultUpstreamHandler.scala:316) [na:na]
	at scala.concurrent.Future$$anonfun$recoverWith$1.apply(Future.scala:344) [na:na]
	at scala.concurrent.Future$$anonfun$recoverWith$1.apply(Future.scala:343) [na:na]
	at scala.concurrent.impl.CallbackRunnable.run(Promise.scala:32) [na:na]
	at play.api.libs.iteratee.Execution$trampoline$.execute(Execution.scala:46) [na:na]
	at scala.concurrent.impl.CallbackRunnable.executeWithValue(Promise.scala:40) [na:na]
	at scala.concurrent.impl.Promise$DefaultPromise.tryComplete(Promise.scala:248) [na:na]
	at scala.concurrent.Promise$class.complete(Promise.scala:55) [na:na]
	at scala.concurrent.impl.Promise$DefaultPromise.complete(Promise.scala:153) [na:na]
	at scala.concurrent.impl.Future$PromiseCompletingRunnable.run(Future.scala:23) [na:na]
	at akka.dispatch.TaskInvocation.run(AbstractDispatcher.scala:41) [na:na]
	at akka.dispatch.ForkJoinExecutorConfigurator$AkkaForkJoinTask.exec(AbstractDispatcher.scala:393) [na:na]
	at scala.concurrent.forkjoin.ForkJoinTask.doExec(ForkJoinTask.java:260) [na:na]
	at scala.concurrent.forkjoin.ForkJoinPool$WorkQueue.runTask(ForkJoinPool.java:1339) [na:na]
	at scala.concurrent.forkjoin.ForkJoinPool.runWorker(ForkJoinPool.java:1979) [na:na]
	at scala.concurrent.forkjoin.ForkJoinWorkerThread.run(ForkJoinWorkerThread.java:107) [na:na]
Caused by: javax.persistence.PersistenceException: Error getting sequence nextval
	at com.avaje.ebean.config.dbplatform.SequenceIdGenerator.getMoreIds(SequenceIdGenerator.java:211) ~[na:na]
	at com.avaje.ebean.config.dbplatform.SequenceIdGenerator.loadMoreIds(SequenceIdGenerator.java:161) ~[na:na]
	at com.avaje.ebean.config.dbplatform.SequenceIdGenerator.nextId(SequenceIdGenerator.java:118) ~[na:na]
	at com.avaje.ebeaninternal.server.deploy.BeanDescriptor.nextId(BeanDescriptor.java:1119) ~[na:na]
	at com.avaje.ebeaninternal.server.persist.DefaultPersister.setIdGenValue(DefaultPersister.java:1256) ~[na:na]
	at com.avaje.ebeaninternal.server.persist.DefaultPersister.insert(DefaultPersister.java:330) ~[na:na]
	at com.avaje.ebeaninternal.server.persist.DefaultPersister.saveEnhanced(DefaultPersister.java:306) ~[na:na]
	at com.avaje.ebeaninternal.server.persist.DefaultPersister.saveRecurse(DefaultPersister.java:276) ~[na:na]
	at com.avaje.ebeaninternal.server.persist.DefaultPersister.save(DefaultPersister.java:244) ~[na:na]
	at com.avaje.ebeaninternal.server.core.DefaultServer.save(DefaultServer.java:1610) ~[na:na]
	at com.avaje.ebeaninternal.server.core.DefaultServer.save(DefaultServer.java:1600) ~[na:na]
	at com.avaje.ebean.Ebean.save(Ebean.java:453) ~[na:na]
	at play.db.ebean.Model.save(Model.java:95) ~[na:na]
	at controllers.Application.addPerson(Application.java:26) ~[na:na]
	at Routes$$anonfun$routes$1$$anonfun$applyOrElse$2$$anonfun$apply$2.apply(routes_routing.scala:81) ~[na:na]
	at Routes$$anonfun$routes$1$$anonfun$applyOrElse$2$$anonfun$apply$2.apply(routes_routing.scala:81) ~[na:na]
	at play.core.Router$HandlerInvokerFactory$$anon$4.resultCall(Router.scala:264) ~[na:na]
	at play.core.Router$HandlerInvokerFactory$JavaActionInvokerFactory$$anon$15$$anon$1.invocation(Router.scala:255) ~[na:na]
	at play.core.j.JavaAction$$anon$1.call(JavaAction.scala:55) ~[na:na]
	at play.core.j.JavaAction$$anonfun$11.apply(JavaAction.scala:82) ~[na:na]
	at play.core.j.JavaAction$$anonfun$11.apply(JavaAction.scala:82) ~[na:na]
	at scala.concurrent.impl.Future$PromiseCompletingRunnable.liftedTree1$1(Future.scala:24) [na:na]
	at scala.concurrent.impl.Future$PromiseCompletingRunnable.run(Future.scala:24) [na:na]
	at play.core.j.HttpExecutionContext$$anon$2.run(HttpExecutionContext.scala:40) ~[na:na]
	at play.api.libs.iteratee.Execution$trampoline$.execute(Execution.scala:46) [na:na]
	at play.core.j.HttpExecutionContext.execute(HttpExecutionContext.scala:32) ~[na:na]
	at scala.concurrent.impl.Future$.apply(Future.scala:31) ~[na:na]
	at scala.concurrent.Future$.apply(Future.scala:485) ~[na:na]
	at play.core.j.JavaAction$class.apply(JavaAction.scala:82) ~[na:na]
	at play.core.Router$HandlerInvokerFactory$JavaActionInvokerFactory$$anon$15$$anon$1.apply(Router.scala:252) ~[na:na]
	at play.api.mvc.Action$$anonfun$apply$1$$anonfun$apply$4$$anonfun$apply$5.apply(Action.scala:130) ~[na:na]
	at play.api.mvc.Action$$anonfun$apply$1$$anonfun$apply$4$$anonfun$apply$5.apply(Action.scala:130) ~[na:na]
	at play.utils.Threads$.withContextClassLoader(Threads.scala:21) ~[na:na]
	at play.api.mvc.Action$$anonfun$apply$1$$anonfun$apply$4.apply(Action.scala:129) ~[na:na]
	at play.api.mvc.Action$$anonfun$apply$1$$anonfun$apply$4.apply(Action.scala:128) ~[na:na]
	at scala.Option.map(Option.scala:145) [na:na]
	at play.api.mvc.Action$$anonfun$apply$1.apply(Action.scala:128) ~[na:na]
	at play.api.mvc.Action$$anonfun$apply$1.apply(Action.scala:121) ~[na:na]
	at play.api.libs.iteratee.Iteratee$$anonfun$mapM$1.apply(Iteratee.scala:483) ~[na:na]
	at play.api.libs.iteratee.Iteratee$$anonfun$mapM$1.apply(Iteratee.scala:483) ~[na:na]
	at play.api.libs.iteratee.Iteratee$$anonfun$flatMapM$1.apply(Iteratee.scala:519) ~[na:na]
	at play.api.libs.iteratee.Iteratee$$anonfun$flatMapM$1.apply(Iteratee.scala:519) ~[na:na]
	at play.api.libs.iteratee.Iteratee$$anonfun$flatMap$1$$anonfun$apply$14.apply(Iteratee.scala:496) ~[na:na]
	at play.api.libs.iteratee.Iteratee$$anonfun$flatMap$1$$anonfun$apply$14.apply(Iteratee.scala:496) ~[na:na]
	at scala.concurrent.impl.Future$PromiseCompletingRunnable.liftedTree1$1(Future.scala:24) [na:na]
	at scala.concurrent.impl.Future$PromiseCompletingRunnable.run(Future.scala:24) [na:na]
	... 6 common frames omitted
Caused by: org.h2.jdbc.JdbcSQLException: Syntax Fehler in SQL Befehl "SELECT PERSON_SEQ.NEXTVAL UNION[*] SELECT PERSON_SEQ.NEXTVAL UNION SELECT PERSON_SEQ.NEXTVAL UNION SELECT PERSON_SEQ.NEXTVAL UNION SELECT PERSON_SEQ.NEXTVAL UNION SELECT PERSON_SEQ.NEXTVAL UNION SELECT PERSON_SEQ.NEXTVAL UNION SELECT PERSON_SEQ.NEXTVAL UNION SELECT PERSON_SEQ.NEXTVAL UNION SELECT PERSON_SEQ.NEXTVAL UNION SELECT PERSON_SEQ.NEXTVAL UNION SELECT PERSON_SEQ.NEXTVAL UNION SELECT PERSON_SEQ.NEXTVAL UNION SELECT PERSON_SEQ.NEXTVAL UNION SELECT PERSON_SEQ.NEXTVAL UNION SELECT PERSON_SEQ.NEXTVAL UNION SELECT PERSON_SEQ.NEXTVAL UNION SELECT PERSON_SEQ.NEXTVAL UNION SELECT PERSON_SEQ.NEXTVAL UNION SELECT PERSON_SEQ.NEXTVAL "; erwartet "identifier"
Syntax error in SQL statement "SELECT PERSON_SEQ.NEXTVAL UNION[*] SELECT PERSON_SEQ.NEXTVAL UNION SELECT PERSON_SEQ.NEXTVAL UNION SELECT PERSON_SEQ.NEXTVAL UNION SELECT PERSON_SEQ.NEXTVAL UNION SELECT PERSON_SEQ.NEXTVAL UNION SELECT PERSON_SEQ.NEXTVAL UNION SELECT PERSON_SEQ.NEXTVAL UNION SELECT PERSON_SEQ.NEXTVAL UNION SELECT PERSON_SEQ.NEXTVAL UNION SELECT PERSON_SEQ.NEXTVAL UNION SELECT PERSON_SEQ.NEXTVAL UNION SELECT PERSON_SEQ.NEXTVAL UNION SELECT PERSON_SEQ.NEXTVAL UNION SELECT PERSON_SEQ.NEXTVAL UNION SELECT PERSON_SEQ.NEXTVAL UNION SELECT PERSON_SEQ.NEXTVAL UNION SELECT PERSON_SEQ.NEXTVAL UNION SELECT PERSON_SEQ.NEXTVAL UNION SELECT PERSON_SEQ.NEXTVAL "; expected "identifier"; SQL statement:
select person_seq.nextval union select person_seq.nextval union select person_seq.nextval union select person_seq.nextval union select person_seq.nextval union select person_seq.nextval union select person_seq.nextval union select person_seq.nextval union select person_seq.nextval union select person_seq.nextval union select person_seq.nextval union select person_seq.nextval union select person_seq.nextval union select person_seq.nextval union select person_seq.nextval union select person_seq.nextval union select person_seq.nextval union select person_seq.nextval union select person_seq.nextval union select person_seq.nextval [42001-175]
	at org.h2.message.DbException.getJdbcSQLException(DbException.java:332) ~[na:na]
	at org.h2.message.DbException.getSyntaxError(DbException.java:197) ~[na:na]
	at org.h2.command.Parser.readColumnIdentifier(Parser.java:2967) ~[na:na]
	at org.h2.command.Parser.readTermObjectDot(Parser.java:2501) ~[na:na]
	at org.h2.command.Parser.readTerm(Parser.java:2618) ~[na:na]
	at org.h2.command.Parser.readFactor(Parser.java:2178) ~[na:na]
	at org.h2.command.Parser.readSum(Parser.java:2165) ~[na:na]
	at org.h2.command.Parser.readConcat(Parser.java:2138) ~[na:na]
	at org.h2.command.Parser.readCondition(Parser.java:2003) ~[na:na]
	at org.h2.command.Parser.readAnd(Parser.java:1976) ~[na:na]
	at org.h2.command.Parser.readExpression(Parser.java:1968) ~[na:na]
	at org.h2.command.Parser.parseSelectSimpleSelectPart(Parser.java:1881) ~[na:na]
	at org.h2.command.Parser.parseSelectSimple(Parser.java:1913) ~[na:na]
	at org.h2.command.Parser.parseSelectSub(Parser.java:1807) ~[na:na]
	at org.h2.command.Parser.parseSelectUnion(Parser.java:1631) ~[na:na]
	at org.h2.command.Parser.parseSelect(Parser.java:1619) ~[na:na]
	at org.h2.command.Parser.parsePrepared(Parser.java:426) ~[na:na]
	at org.h2.command.Parser.parse(Parser.java:298) ~[na:na]
	at org.h2.command.Parser.parse(Parser.java:270) ~[na:na]
	at org.h2.command.Parser.prepareCommand(Parser.java:235) ~[na:na]
	at org.h2.engine.Session.prepareLocal(Session.java:436) ~[na:na]
	at org.h2.engine.Session.prepareCommand(Session.java:379) ~[na:na]
	at org.h2.jdbc.JdbcConnection.prepareCommand(JdbcConnection.java:1138) ~[na:na]
	at org.h2.jdbc.JdbcPreparedStatement.<init>(JdbcPreparedStatement.java:70) ~[na:na]
	at org.h2.jdbc.JdbcConnection.prepareStatement(JdbcConnection.java:267) ~[na:na]
	at com.jolbox.bonecp.ConnectionHandle.prepareStatement(ConnectionHandle.java:1024) ~[na:na]
	at com.avaje.ebean.config.dbplatform.SequenceIdGenerator.getMoreIds(SequenceIdGenerator.java:191) ~[na:na]
	... 51 common frames omitted

